  Render.cpp
C:\Users\Sungjoo\Documents\openGL-physX\1simpledrawing\Render.cpp(311,37): warning C4101: 'result': unreferenced local variable
C:\Users\Sungjoo\Documents\openGL-physX\1simpledrawing\Render.cpp(333,37): warning C4101: 'result': unreferenced local variable
  LINK : /LTCG specified but no code generation required; remove /LTCG from the link command line to improve linker performance
PhysXPvdSDK_static_64.lib(PxProfileEventImpl.obj) : warning LNK4099: PDB 'PhysXPvdSDK_static_64.pdb' was not found with 'PhysXPvdSDK_static_64.lib(PxProfileEventImpl.obj)' or at 'C:\Users\Sungjoo\Documents\openGL-physX\x64\Release\PhysXPvdSDK_static_64.pdb'; linking object as if no debug info
PhysXPvdSDK_static_64.lib(PxPvd.obj) : warning LNK4099: PDB 'PhysXPvdSDK_static_64.pdb' was not found with 'PhysXPvdSDK_static_64.lib(PxPvd.obj)' or at 'C:\Users\Sungjoo\Documents\openGL-physX\x64\Release\PhysXPvdSDK_static_64.pdb'; linking object as if no debug info
PhysXPvdSDK_static_64.lib(PxPvdDataStream.obj) : warning LNK4099: PDB 'PhysXPvdSDK_static_64.pdb' was not found with 'PhysXPvdSDK_static_64.lib(PxPvdDataStream.obj)' or at 'C:\Users\Sungjoo\Documents\openGL-physX\x64\Release\PhysXPvdSDK_static_64.pdb'; linking object as if no debug info
PhysXPvdSDK_static_64.lib(PxPvdDefaultSocketTransport.obj) : warning LNK4099: PDB 'PhysXPvdSDK_static_64.pdb' was not found with 'PhysXPvdSDK_static_64.lib(PxPvdDefaultSocketTransport.obj)' or at 'C:\Users\Sungjoo\Documents\openGL-physX\x64\Release\PhysXPvdSDK_static_64.pdb'; linking object as if no debug info
PhysXPvdSDK_static_64.lib(PxPvdImpl.obj) : warning LNK4099: PDB 'PhysXPvdSDK_static_64.pdb' was not found with 'PhysXPvdSDK_static_64.lib(PxPvdImpl.obj)' or at 'C:\Users\Sungjoo\Documents\openGL-physX\x64\Release\PhysXPvdSDK_static_64.pdb'; linking object as if no debug info
PhysXPvdSDK_static_64.lib(PxPvdMemClient.obj) : warning LNK4099: PDB 'PhysXPvdSDK_static_64.pdb' was not found with 'PhysXPvdSDK_static_64.lib(PxPvdMemClient.obj)' or at 'C:\Users\Sungjoo\Documents\openGL-physX\x64\Release\PhysXPvdSDK_static_64.pdb'; linking object as if no debug info
PhysXPvdSDK_static_64.lib(PxPvdObjectModelMetaData.obj) : warning LNK4099: PDB 'PhysXPvdSDK_static_64.pdb' was not found with 'PhysXPvdSDK_static_64.lib(PxPvdObjectModelMetaData.obj)' or at 'C:\Users\Sungjoo\Documents\openGL-physX\x64\Release\PhysXPvdSDK_static_64.pdb'; linking object as if no debug info
PhysXPvdSDK_static_64.lib(PxPvdObjectRegistrar.obj) : warning LNK4099: PDB 'PhysXPvdSDK_static_64.pdb' was not found with 'PhysXPvdSDK_static_64.lib(PxPvdObjectRegistrar.obj)' or at 'C:\Users\Sungjoo\Documents\openGL-physX\x64\Release\PhysXPvdSDK_static_64.pdb'; linking object as if no debug info
PhysXPvdSDK_static_64.lib(PxPvdProfileZoneClient.obj) : warning LNK4099: PDB 'PhysXPvdSDK_static_64.pdb' was not found with 'PhysXPvdSDK_static_64.lib(PxPvdProfileZoneClient.obj)' or at 'C:\Users\Sungjoo\Documents\openGL-physX\x64\Release\PhysXPvdSDK_static_64.pdb'; linking object as if no debug info
PhysXExtensions_static_64.lib(ExtCpuWorkerThread.obj) : warning LNK4099: PDB 'PhysXExtensions_static_64.pdb' was not found with 'PhysXExtensions_static_64.lib(ExtCpuWorkerThread.obj)' or at 'C:\Users\Sungjoo\Documents\openGL-physX\x64\Release\PhysXExtensions_static_64.pdb'; linking object as if no debug info
PhysXExtensions_static_64.lib(ExtDefaultCpuDispatcher.obj) : warning LNK4099: PDB 'PhysXExtensions_static_64.pdb' was not found with 'PhysXExtensions_static_64.lib(ExtDefaultCpuDispatcher.obj)' or at 'C:\Users\Sungjoo\Documents\openGL-physX\x64\Release\PhysXExtensions_static_64.pdb'; linking object as if no debug info
PhysXExtensions_static_64.lib(ExtDefaultErrorCallback.obj) : warning LNK4099: PDB 'PhysXExtensions_static_64.pdb' was not found with 'PhysXExtensions_static_64.lib(ExtDefaultErrorCallback.obj)' or at 'C:\Users\Sungjoo\Documents\openGL-physX\x64\Release\PhysXExtensions_static_64.pdb'; linking object as if no debug info
PhysXExtensions_static_64.lib(ExtDefaultSimulationFilterShader.obj) : warning LNK4099: PDB 'PhysXExtensions_static_64.pdb' was not found with 'PhysXExtensions_static_64.lib(ExtDefaultSimulationFilterShader.obj)' or at 'C:\Users\Sungjoo\Documents\openGL-physX\x64\Release\PhysXExtensions_static_64.pdb'; linking object as if no debug info
PhysXExtensions_static_64.lib(ExtDefaultStreams.obj) : warning LNK4099: PDB 'PhysXExtensions_static_64.pdb' was not found with 'PhysXExtensions_static_64.lib(ExtDefaultStreams.obj)' or at 'C:\Users\Sungjoo\Documents\openGL-physX\x64\Release\PhysXExtensions_static_64.pdb'; linking object as if no debug info
PhysXExtensions_static_64.lib(ExtRigidBodyExt.obj) : warning LNK4099: PDB 'PhysXExtensions_static_64.pdb' was not found with 'PhysXExtensions_static_64.lib(ExtRigidBodyExt.obj)' or at 'C:\Users\Sungjoo\Documents\openGL-physX\x64\Release\PhysXExtensions_static_64.pdb'; linking object as if no debug info
PhysXExtensions_static_64.lib(ExtSimpleFactory.obj) : warning LNK4099: PDB 'PhysXExtensions_static_64.pdb' was not found with 'PhysXExtensions_static_64.lib(ExtSimpleFactory.obj)' or at 'C:\Users\Sungjoo\Documents\openGL-physX\x64\Release\PhysXExtensions_static_64.pdb'; linking object as if no debug info
  1simpledrawing.vcxproj -> C:\Users\Sungjoo\Documents\openGL-physX\x64\Release\1simpledrawing.exe
